#
# A fatal error has been detected by the Java Runtime Environment:
#
#  SIGSEGV (0xb) at pc=0x0000000109979f78, pid=1621, tid=0x0000000000004303
#
# JRE version: Java(TM) SE Runtime Environment (8.0_92-b14) (build 1.8.0_92-b14)
# Java VM: Java HotSpot(TM) 64-Bit Server VM (25.92-b14 mixed mode bsd-amd64 compressed oops)
# Problematic frame:
# V  [libjvm.dylib+0x448f78]  Method::checked_resolve_jmethod_id(_jmethodID*)+0xe
#
# Failed to write core dump. Core dumps have been disabled. To enable core dumping, try "ulimit -c unlimited" before starting Java again
#
# If you would like to submit a bug report, please visit:
#   http://bugreport.java.com/bugreport/crash.jsp
#

---------------  T H R E A D  ---------------

Current thread (0x00007f9d33866800):  JavaThread "JDWP Transport Listener: dt_socket" daemon [_thread_in_vm, id=17155, stack(0x0000700000b3b000,0x0000700000c3b000)]

siginfo: si_signo: 11 (SIGSEGV), si_code: 0 (unknown), si_addr: 0x0000000000000000

Registers:
RAX=0x0000000000000001, RBX=0x0000700000c3aa8b, RCX=0x0000000109d4b360, RDX=0x0000700000c3aa8b
RSP=0x0000700000c3a9d0, RBP=0x0000700000c3a9e0, RSI=0x00007f9d33866800, RDI=0x0003003b7400003b
R8 =0x0000000000000001, R9 =0x0000000000000000, R10=0x0000000000000002, R11=0x00007f9d37300000
R12=0x00007f9d33866800, R13=0x0003003b7400003b, R14=0x0003003b7400003b, R15=0x00007f9d3350cdb0
RIP=0x0000000109979f78, EFLAGS=0x0000000000010202, ERR=0x0000000000000000
  TRAPNO=0x000000000000000d

Top of Stack: (sp=0x0000700000c3a9d0)
0x0000700000c3a9d0:   0000700000c3aa8b 0000700000c3aa8b
0x0000700000c3a9e0:   0000700000c3aa40 0000000109888e66
0x0000700000c3a9f0:   00007f9d33866800 0000000000000000
0x0000700000c3aa00:   0000000000000000 0000000000000000
0x0000700000c3aa10:   00007f9d33866800 00007f9d33866800
0x0000700000c3aa20:   0000700000c3aa8b 0000700000c3aa90
0x0000700000c3aa30:   0003003b7400003b 0000000000000005
0x0000700000c3aa40:   0000700000c3aa60 000000010a530780
0x0000700000c3aa50:   0000000000000001 0000700000c3ab08
0x0000700000c3aa60:   0000700000c3aad0 000000010a5151f3
0x0000700000c3aa70:   0000700000c3aaa0 00007f9d33443e40
0x0000700000c3aa80:   0000000600000032 0000000200c3ab08
0x0000700000c3aa90:   0000000000000000 0000000000000000
0x0000700000c3aaa0:   0000000000000000 0000700000c3ac90
0x0000700000c3aab0:   000000010a537e7a 00007f9d33641f70
0x0000700000c3aac0:   0000700000c3ab08 000000010a543598
0x0000700000c3aad0:   0000700000c3aae0 000000010a5152ec
0x0000700000c3aae0:   0000700000c3ad00 000000010a51e898
0x0000700000c3aaf0:   00004efb00000013 00000000000f0200
0x0000700000c3ab00:   00007f9d37238390 00007f9d3732b927
0x0000700000c3ab10:   00007f9d00000231 00007f9d373222e0
0x0000700000c3ab20:   000000000000012c 0000700000c3ab58
0x0000700000c3ab30:   00007f9d373222e0 0000000000000000
0x0000700000c3ab40:   00004efb0000001c 00007fff0000fc80
0x0000700000c3ab50:   0000700000c3ab58 9d7f000006000000
0x0000700000c3ab60:   08000000a8cb5133 3e74696e696c633c
0x0000700000c3ab70:   0056292803000000 0008000000000000
0x0000700000c3ab80:   00a0cb51339d7f00 74696e693c060000
0x0000700000c3ab90:   562928030000003e 0100000000000000
0x0000700000c3aba0:   38f807379d7f0000 626d616c08000000
0x0000700000c3abb0:   1f00000030246164 6c6e6e65706f4c28
0x0000700000c3abc0:   2f736c6f6f742f70 502f726573726170 

Instructions: (pc=0x0000000109979f78)
0x0000000109979f58:   40 48 48 85 c0 75 e0 30 c0 0f b6 c0 5d c3 31 c0
0x0000000109979f68:   5d c3 55 48 89 e5 53 48 83 ec 08 48 85 ff 74 24
0x0000000109979f78:   48 8b 1f 48 85 db 74 1c 48 83 fb 37 74 16 48 8b
0x0000000109979f88:   03 48 89 df ff 50 10 84 c0 b8 00 00 00 00 48 0f 

Register to memory mapping:

RAX=0x0000000000000001 is an unknown value
RBX=0x0000700000c3aa8b is pointing into the stack for thread: 0x00007f9d33866800
RCX=0x0000000109d4b360: UseMembar+0 in /Library/Java/JavaVirtualMachines/jdk1.8.0_92.jdk/Contents/Home/jre/lib/server/libjvm.dylib at 0x0000000109531000
RDX=0x0000700000c3aa8b is pointing into the stack for thread: 0x00007f9d33866800
RSP=0x0000700000c3a9d0 is pointing into the stack for thread: 0x00007f9d33866800
RBP=0x0000700000c3a9e0 is pointing into the stack for thread: 0x00007f9d33866800
RSI=0x00007f9d33866800 is a thread
RDI=0x0003003b7400003b is an unknown value
R8 =0x0000000000000001 is an unknown value
R9 =0x0000000000000000 is an unknown value
R10=0x0000000000000002 is an unknown value
R11=0x00007f9d37300000 is an unknown value
R12=0x00007f9d33866800 is a thread
R13=0x0003003b7400003b is an unknown value
R14=0x0003003b7400003b is an unknown value
R15=0x00007f9d3350cdb0 is an unknown value


Stack: [0x0000700000b3b000,0x0000700000c3b000],  sp=0x0000700000c3a9d0,  free space=1022k
Native frames: (J=compiled Java code, j=interpreted, Vv=VM code, C=native code)
V  [libjvm.dylib+0x448f78]  Method::checked_resolve_jmethod_id(_jmethodID*)+0xe
V  [libjvm.dylib+0x357e66]  jvmti_IsMethodSynthetic+0xb2
C  [libjdwp.dylib+0x20780]  isMethodSynthetic+0x63
C  [libjdwp.dylib+0x51f3]  methods1+0x10b
C  [libjdwp.dylib+0x52ec]  methodsWithGeneric+0xe
C  [libjdwp.dylib+0xe898]  debugLoop_run+0x1ce
C  [libjdwp.dylib+0x1f6ba]  attachThread+0x4d
V  [libjvm.dylib+0x3991cc]  JvmtiAgentThread::call_start_function()+0x38
V  [libjvm.dylib+0x564c57]  JavaThread::thread_main_inner()+0x9b
V  [libjvm.dylib+0x566344]  JavaThread::run()+0x1c2
V  [libjvm.dylib+0x485bbe]  java_start(Thread*)+0xf6
C  [libsystem_pthread.dylib+0x399d]  _pthread_body+0x83
C  [libsystem_pthread.dylib+0x391a]  _pthread_body+0x0
C  [libsystem_pthread.dylib+0x1351]  thread_start+0xd
C  0x0000000000000000


---------------  P R O C E S S  ---------------

Java Threads: ( => current thread )
  0x00007f9d36af1000 JavaThread "AWT-AppKit" daemon [_thread_in_native, id=2571, stack(0x00007fff5614b000,0x00007fff5694b000)]
  0x00007f9d36b18000 JavaThread "elasticsearch[Spellcheck][generic][T#2]" daemon [_thread_blocked, id=5127, stack(0x000070000217d000,0x000070000227d000)]
  0x00007f9d364fd800 JavaThread "elasticsearch[Spellcheck][generic][T#1]" daemon [_thread_blocked, id=28931, stack(0x000070000207a000,0x000070000217a000)]
  0x00007f9d34709000 JavaThread "elasticsearch[Spellcheck][transport_client_timer][T#1]{Hashed wheel timer #1}" daemon [_thread_blocked, id=28419, stack(0x0000700001f77000,0x0000700002077000)]
  0x00007f9d3432e000 JavaThread "elasticsearch[Spellcheck][transport_client_boss][T#1]{New I/O boss #9}" daemon [_thread_in_native, id=27907, stack(0x0000700001e74000,0x0000700001f74000)]
  0x00007f9d35bea000 JavaThread "elasticsearch[Spellcheck][transport_client_worker][T#8]{New I/O worker #8}" daemon [_thread_in_native, id=27395, stack(0x0000700001d71000,0x0000700001e71000)]
  0x00007f9d36a55800 JavaThread "elasticsearch[Spellcheck][transport_client_worker][T#7]{New I/O worker #7}" daemon [_thread_in_native, id=26883, stack(0x0000700001c6e000,0x0000700001d6e000)]
  0x00007f9d345e6000 JavaThread "elasticsearch[Spellcheck][transport_client_worker][T#6]{New I/O worker #6}" daemon [_thread_in_native, id=26371, stack(0x0000700001b6b000,0x0000700001c6b000)]
  0x00007f9d36977800 JavaThread "elasticsearch[Spellcheck][transport_client_worker][T#5]{New I/O worker #5}" daemon [_thread_in_native, id=25859, stack(0x0000700001a68000,0x0000700001b68000)]
  0x00007f9d365bd800 JavaThread "elasticsearch[Spellcheck][transport_client_worker][T#4]{New I/O worker #4}" daemon [_thread_in_native, id=25347, stack(0x0000700001965000,0x0000700001a65000)]
  0x00007f9d345d3000 JavaThread "elasticsearch[Spellcheck][transport_client_worker][T#3]{New I/O worker #3}" daemon [_thread_in_native, id=24835, stack(0x0000700001862000,0x0000700001962000)]
  0x00007f9d345d2000 JavaThread "elasticsearch[Spellcheck][transport_client_worker][T#2]{New I/O worker #2}" daemon [_thread_in_native, id=24323, stack(0x000070000175f000,0x000070000185f000)]
  0x00007f9d362d8000 JavaThread "elasticsearch[Spellcheck][transport_client_worker][T#1]{New I/O worker #1}" daemon [_thread_in_native, id=23811, stack(0x000070000165c000,0x000070000175c000)]
  0x00007f9d35be7000 JavaThread "elasticsearch[Spellcheck][scheduler][T#1]" daemon [_thread_blocked, id=23303, stack(0x0000700001559000,0x0000700001659000)]
  0x00007f9d3432e800 JavaThread "elasticsearch[Spellcheck][[timer]]" daemon [_thread_blocked, id=21763, stack(0x0000700001456000,0x0000700001556000)]
  0x00007f9d34970000 JavaThread "ReaderThread" [_thread_in_native, id=21251, stack(0x0000700001353000,0x0000700001453000)]
  0x00007f9d34838000 JavaThread "Service Thread" daemon [_thread_blocked, id=20227, stack(0x000070000114d000,0x000070000124d000)]
  0x00007f9d3480c800 JavaThread "C1 CompilerThread2" daemon [_thread_blocked, id=19715, stack(0x000070000104a000,0x000070000114a000)]
  0x00007f9d3480c000 JavaThread "C2 CompilerThread1" daemon [_thread_blocked, id=19203, stack(0x0000700000f47000,0x0000700001047000)]
  0x00007f9d35011000 JavaThread "C2 CompilerThread0" daemon [_thread_blocked, id=18691, stack(0x0000700000e44000,0x0000700000f44000)]
  0x00007f9d3387e000 JavaThread "JDWP Command Reader" daemon [_thread_in_native, id=18179, stack(0x0000700000d41000,0x0000700000e41000)]
  0x00007f9d3387d800 JavaThread "JDWP Event Helper Thread" daemon [_thread_blocked, id=17667, stack(0x0000700000c3e000,0x0000700000d3e000)]
=>0x00007f9d33866800 JavaThread "JDWP Transport Listener: dt_socket" daemon [_thread_in_vm, id=17155, stack(0x0000700000b3b000,0x0000700000c3b000)]
  0x00007f9d33868000 JavaThread "Signal Dispatcher" daemon [_thread_blocked, id=12815, stack(0x0000700000a38000,0x0000700000b38000)]
  0x00007f9d33860800 JavaThread "Finalizer" daemon [_thread_blocked, id=12291, stack(0x000070000082f000,0x000070000092f000)]
  0x00007f9d3385e000 JavaThread "Reference Handler" daemon [_thread_blocked, id=11779, stack(0x000070000072c000,0x000070000082c000)]
  0x00007f9d34801000 JavaThread "main" [_thread_blocked, id=5891, stack(0x000070000011a000,0x000070000021a000)]

Other Threads:
  0x00007f9d3500e000 VMThread [stack: 0x0000700000629000,0x0000700000729000] [id=11267]
  0x00007f9d34840800 WatcherThread [stack: 0x0000700001250000,0x0000700001350000] [id=20739]

VM state:not at safepoint (normal execution)

VM Mutex/Monitor currently owned by a thread: None

Heap:
 PSYoungGen      total 276480K, used 25961K [0x0000000795580000, 0x00000007b0d80000, 0x00000007c0000000)
  eden space 123392K, 8% used [0x0000000795580000,0x0000000795f87b28,0x000000079ce00000)
  from space 153088K, 10% used [0x000000079ce00000,0x000000079dd52b98,0x00000007a6380000)
  to   space 152064K, 0% used [0x00000007a7900000,0x00000007a7900000,0x00000007b0d80000)
 ParOldGen       total 464384K, used 261941K [0x0000000740000000, 0x000000075c580000, 0x0000000795580000)
  object space 464384K, 56% used [0x0000000740000000,0x000000074ffcd660,0x000000075c580000)
 Metaspace       used 24716K, capacity 24878K, committed 25216K, reserved 1071104K
  class space    used 3077K, capacity 3151K, committed 3200K, reserved 1048576K

Card table byte_map: [0x000000011a1c0000,0x000000011a5c1000] byte_map_base: 0x00000001167c0000

Marking Bits: (ParMarkBitMap*) 0x0000000109e19bd0
 Begin Bits: [0x000000011a86c000, 0x000000011c86c000)
 End Bits:   [0x000000011c86c000, 0x000000011e86c000)

Polling page: 0x000000010a50f000

CodeCache: size=245760Kb used=7667Kb max_used=8181Kb free=238092Kb
 bounds [0x000000010ae00000, 0x000000010b620000, 0x0000000119e00000]
 total_blobs=2504 nmethods=2073 adapters=352
 compilation: enabled

Compilation events (10 events):
Event: 110.882 Thread 0x00007f9d3480c800 2363       3       org.elasticsearch.common.netty.channel.socket.nio.NioClientBoss::process (21 bytes)
Event: 110.883 Thread 0x00007f9d3480c800 nmethod 2363 0x000000010b297010 code [0x000000010b2971c0, 0x000000010b297538]
Event: 113.317 Thread 0x00007f9d3480c800 2365       1       org.elasticsearch.common.netty.channel.DefaultChannelPipeline$DefaultChannelHandlerContext::canHandleUpstream (5 bytes)
Event: 113.317 Thread 0x00007f9d3480c800 nmethod 2365 0x000000010b190d90 code [0x000000010b190ee0, 0x000000010b190ff0]
Event: 113.317 Thread 0x00007f9d3480c800 2366       1       org.elasticsearch.common.netty.channel.DefaultChannelPipeline$DefaultChannelHandlerContext::canHandleDownstream (5 bytes)
Event: 113.317 Thread 0x00007f9d3480c800 nmethod 2366 0x000000010b296d50 code [0x000000010b296ea0, 0x000000010b296fb0]
Event: 113.318 Thread 0x00007f9d3480c800 2367       3       org.elasticsearch.common.collect.ImmutableCollection$ArrayBasedBuilder::ensureCapacity (30 bytes)
Event: 113.319 Thread 0x00007f9d3480c800 nmethod 2367 0x000000010af84d10 code [0x000000010af84ee0, 0x000000010af85738]
Event: 118.324 Thread 0x00007f9d35011000 2368       4       java.lang.StringBuilder::append (8 bytes)
Event: 118.324 Thread 0x00007f9d35011000 nmethod 2368 0x000000010b16f090 code [0x000000010b16f1e0, 0x000000010b16f268]

GC Heap History (10 events):
Event: 6.806 GC heap before
{Heap before GC invocations=10 (full 2):
 PSYoungGen      total 174080K, used 122332K [0x0000000795580000, 0x00000007ac380000, 0x00000007c0000000)
  eden space 97280K, 100% used [0x0000000795580000,0x000000079b480000,0x000000079b480000)
  from space 76800K, 32% used [0x000000079b480000,0x000000079ccf7018,0x000000079ff80000)
  to   space 128000K, 0% used [0x00000007a4680000,0x00000007a4680000,0x00000007ac380000)
 ParOldGen       total 375808K, used 269786K [0x0000000740000000, 0x0000000756f00000, 0x0000000795580000)
  object space 375808K, 71% used [0x0000000740000000,0x0000000750776970,0x0000000756f00000)
 Metaspace       used 7440K, capacity 7548K, committed 7680K, reserved 1056768K
  class space    used 899K, capacity 916K, committed 1024K, reserved 1048576K
Event: 6.918 GC heap after
Heap after GC invocations=10 (full 2):
 PSYoungGen      total 237568K, used 91362K [0x0000000795580000, 0x00000007adc00000, 0x00000007c0000000)
  eden space 109568K, 0% used [0x0000000795580000,0x0000000795580000,0x000000079c080000)
  from space 128000K, 71% used [0x00000007a4680000,0x00000007a9fb8bd8,0x00000007ac380000)
  to   space 137216K, 0% used [0x000000079c080000,0x000000079c080000,0x00000007a4680000)
 ParOldGen       total 375808K, used 269786K [0x0000000740000000, 0x0000000756f00000, 0x0000000795580000)
  object space 375808K, 71% used [0x0000000740000000,0x0000000750776970,0x0000000756f00000)
 Metaspace       used 7440K, capacity 7548K, committed 7680K, reserved 1056768K
  class space    used 899K, capacity 916K, committed 1024K, reserved 1048576K
}
Event: 8.083 GC heap before
{Heap before GC invocations=11 (full 2):
 PSYoungGen      total 237568K, used 200930K [0x0000000795580000, 0x00000007adc00000, 0x00000007c0000000)
  eden space 109568K, 100% used [0x0000000795580000,0x000000079c080000,0x000000079c080000)
  from space 128000K, 71% used [0x00000007a4680000,0x00000007a9fb8bd8,0x00000007ac380000)
  to   space 137216K, 0% used [0x000000079c080000,0x000000079c080000,0x00000007a4680000)
 ParOldGen       total 375808K, used 269786K [0x0000000740000000, 0x0000000756f00000, 0x0000000795580000)
  object space 375808K, 71% used [0x0000000740000000,0x0000000750776970,0x0000000756f00000)
 Metaspace       used 16972K, capacity 17076K, committed 17152K, reserved 1064960K
  class space    used 2202K, capacity 2232K, committed 2304K, reserved 1048576K
Event: 8.164 GC heap after
Heap after GC invocations=11 (full 2):
 PSYoungGen      total 246784K, used 102550K [0x0000000795580000, 0x00000007af400000, 0x00000007c0000000)
  eden space 109568K, 0% used [0x0000000795580000,0x0000000795580000,0x000000079c080000)
  from space 137216K, 74% used [0x000000079c080000,0x00000007a24a5b50,0x00000007a4680000)
  to   space 147968K, 0% used [0x00000007a6380000,0x00000007a6380000,0x00000007af400000)
 ParOldGen       total 375808K, used 269786K [0x0000000740000000, 0x0000000756f00000, 0x0000000795580000)
  object space 375808K, 71% used [0x0000000740000000,0x0000000750776970,0x0000000756f00000)
 Metaspace       used 16972K, capacity 17076K, committed 17152K, reserved 1064960K
  class space    used 2202K, capacity 2232K, committed 2304K, reserved 1048576K
}
Event: 8.499 GC heap before
{Heap before GC invocations=12 (full 2):
 PSYoungGen      total 246784K, used 144399K [0x0000000795580000, 0x00000007af400000, 0x00000007c0000000)
  eden space 109568K, 38% used [0x0000000795580000,0x0000000797e5e1f0,0x000000079c080000)
  from space 137216K, 74% used [0x000000079c080000,0x00000007a24a5b50,0x00000007a4680000)
  to   space 147968K, 0% used [0x00000007a6380000,0x00000007a6380000,0x00000007af400000)
 ParOldGen       total 375808K, used 269786K [0x0000000740000000, 0x0000000756f00000, 0x0000000795580000)
  object space 375808K, 71% used [0x0000000740000000,0x0000000750776970,0x0000000756f00000)
 Metaspace       used 21001K, capacity 21128K, committed 21248K, reserved 1067008K
  class space    used 2686K, capacity 2752K, committed 2816K, reserved 1048576K
Event: 8.590 GC heap after
Heap after GC invocations=12 (full 2):
 PSYoungGen      total 271360K, used 95803K [0x0000000795580000, 0x00000007b0480000, 0x00000007c0000000)
  eden space 123392K, 0% used [0x0000000795580000,0x0000000795580000,0x000000079ce00000)
  from space 147968K, 64% used [0x00000007a6380000,0x00000007ac10ee20,0x00000007af400000)
  to   space 153088K, 0% used [0x000000079ce00000,0x000000079ce00000,0x00000007a6380000)
 ParOldGen       total 375808K, used 269786K [0x0000000740000000, 0x0000000756f00000, 0x0000000795580000)
  object space 375808K, 71% used [0x0000000740000000,0x0000000750776970,0x0000000756f00000)
 Metaspace       used 21001K, capacity 21128K, committed 21248K, reserved 1067008K
  class space    used 2686K, capacity 2752K, committed 2816K, reserved 1048576K
}
Event: 8.590 GC heap before
{Heap before GC invocations=13 (full 3):
 PSYoungGen      total 271360K, used 95803K [0x0000000795580000, 0x00000007b0480000, 0x00000007c0000000)
  eden space 123392K, 0% used [0x0000000795580000,0x0000000795580000,0x000000079ce00000)
  from space 147968K, 64% used [0x00000007a6380000,0x00000007ac10ee20,0x00000007af400000)
  to   space 153088K, 0% used [0x000000079ce00000,0x000000079ce00000,0x00000007a6380000)
 ParOldGen       total 375808K, used 269786K [0x0000000740000000, 0x0000000756f00000, 0x0000000795580000)
  object space 375808K, 71% used [0x0000000740000000,0x0000000750776970,0x0000000756f00000)
 Metaspace       used 21001K, capacity 21128K, committed 21248K, reserved 1067008K
  class space    used 2686K, capacity 2752K, committed 2816K, reserved 1048576K
Event: 9.332 GC heap after
Heap after GC invocations=13 (full 3):
 PSYoungGen      total 271360K, used 0K [0x0000000795580000, 0x00000007b0480000, 0x00000007c0000000)
  eden space 123392K, 0% used [0x0000000795580000,0x0000000795580000,0x000000079ce00000)
  from space 147968K, 0% used [0x00000007a6380000,0x00000007a6380000,0x00000007af400000)
  to   space 153088K, 0% used [0x000000079ce00000,0x000000079ce00000,0x00000007a6380000)
 ParOldGen       total 464384K, used 261933K [0x0000000740000000, 0x000000075c580000, 0x0000000795580000)
  object space 464384K, 56% used [0x0000000740000000,0x000000074ffcb660,0x000000075c580000)
 Metaspace       used 21001K, capacity 21128K, committed 21248K, reserved 1067008K
  class space    used 2686K, capacity 2752K, committed 2816K, reserved 1048576K
}
Event: 17.201 GC heap before
{Heap before GC invocations=14 (full 3):
 PSYoungGen      total 271360K, used 123392K [0x0000000795580000, 0x00000007b0480000, 0x00000007c0000000)
  eden space 123392K, 100% used [0x0000000795580000,0x000000079ce00000,0x000000079ce00000)
  from space 147968K, 0% used [0x00000007a6380000,0x00000007a6380000,0x00000007af400000)
  to   space 153088K, 0% used [0x000000079ce00000,0x000000079ce00000,0x00000007a6380000)
 ParOldGen       total 464384K, used 261933K [0x0000000740000000, 0x000000075c580000, 0x0000000795580000)
  object space 464384K, 56% used [0x0000000740000000,0x000000074ffcb660,0x000000075c580000)
 Metaspace       used 24557K, capacity 24770K, committed 25216K, reserved 1071104K
  class space    used 3060K, capacity 3115K, committed 3200K, reserved 1048576K
Event: 17.216 GC heap after
Heap after GC invocations=14 (full 3):
 PSYoungGen      total 276480K, used 15690K [0x0000000795580000, 0x00000007b0d80000, 0x00000007c0000000)
  eden space 123392K, 0% used [0x0000000795580000,0x0000000795580000,0x000000079ce00000)
  from space 153088K, 10% used [0x000000079ce00000,0x000000079dd52b98,0x00000007a6380000)
  to   space 152064K, 0% used [0x00000007a7900000,0x00000007a7900000,0x00000007b0d80000)
 ParOldGen       total 464384K, used 261941K [0x0000000740000000, 0x000000075c580000, 0x0000000795580000)
  object space 464384K, 56% used [0x0000000740000000,0x000000074ffcd660,0x000000075c580000)
 Metaspace       used 24557K, capacity 24770K, committed 25216K, reserved 1071104K
  class space    used 3060K, capacity 3115K, committed 3200K, reserved 1048576K
}

Deoptimization events (10 events):
Event: 17.111 Thread 0x00007f9d34801000 Uncommon trap: reason=unhandled action=none pc=0x000000010b35e7e8 method=java.net.URLClassLoader.findClass(Ljava/lang/String;)Ljava/lang/Class; @ 44
Event: 17.112 Thread 0x00007f9d34801000 Uncommon trap: reason=class_check action=maybe_recompile pc=0x000000010b50dcbc method=java.util.TreeMap.put(Ljava/lang/Object;Ljava/lang/Object;)Ljava/lang/Object; @ 127
Event: 17.112 Thread 0x00007f9d34801000 Uncommon trap: reason=class_check action=maybe_recompile pc=0x000000010b50dd10 method=java.util.TreeMap.compare(Ljava/lang/Object;Ljava/lang/Object;)I @ 8
Event: 17.112 Thread 0x00007f9d34801000 Uncommon trap: reason=class_check action=maybe_recompile pc=0x000000010b50dcbc method=java.util.TreeMap.put(Ljava/lang/Object;Ljava/lang/Object;)Ljava/lang/Object; @ 127
Event: 17.112 Thread 0x00007f9d34801000 Uncommon trap: reason=class_check action=maybe_recompile pc=0x000000010b50dd10 method=java.util.TreeMap.compare(Ljava/lang/Object;Ljava/lang/Object;)I @ 8
Event: 17.112 Thread 0x00007f9d34801000 Uncommon trap: reason=class_check action=maybe_recompile pc=0x000000010b50dcbc method=java.util.TreeMap.put(Ljava/lang/Object;Ljava/lang/Object;)Ljava/lang/Object; @ 127
Event: 17.112 Thread 0x00007f9d34801000 Uncommon trap: reason=class_check action=maybe_recompile pc=0x000000010b50dd10 method=java.util.TreeMap.compare(Ljava/lang/Object;Ljava/lang/Object;)I @ 8
Event: 18.227 Thread 0x00007f9d364fd800 Uncommon trap: reason=bimorphic action=maybe_recompile pc=0x000000010af1ba94 method=java.util.TreeMap.compare(Ljava/lang/Object;Ljava/lang/Object;)I @ 12
Event: 18.227 Thread 0x00007f9d364fd800 Uncommon trap: reason=predicate action=maybe_recompile pc=0x000000010af1ba38 method=java.util.TreeMap.put(Ljava/lang/Object;Ljava/lang/Object;)Ljava/lang/Object; @ 132
Event: 31.357 Thread 0x00007f9d34801000 Uncommon trap: reason=predicate action=maybe_recompile pc=0x000000010b1b777c method=java.util.LinkedList.toArray([Ljava/lang/Object;)[Ljava/lang/Object; @ 45

Internal exceptions (10 events):
Event: 73.282 Thread 0x00007f9d3432e000 Exception <a 'java/net/ConnectException'> (0x0000000795b245d0) thrown at [/Users/java_re/workspace/8-2-build-macosx-x86_64/jdk8u92/6642/hotspot/src/share/vm/prims/jni.cpp, line 709]
Event: 78.286 Thread 0x00007f9d3432e000 Exception <a 'java/net/ConnectException'> (0x0000000795b25720) thrown at [/Users/java_re/workspace/8-2-build-macosx-x86_64/jdk8u92/6642/hotspot/src/share/vm/prims/jni.cpp, line 709]
Event: 83.288 Thread 0x00007f9d3432e000 Exception <a 'java/net/ConnectException'> (0x0000000795b26870) thrown at [/Users/java_re/workspace/8-2-build-macosx-x86_64/jdk8u92/6642/hotspot/src/share/vm/prims/jni.cpp, line 709]
Event: 88.293 Thread 0x00007f9d3432e000 Exception <a 'java/net/ConnectException'> (0x0000000795b279c0) thrown at [/Users/java_re/workspace/8-2-build-macosx-x86_64/jdk8u92/6642/hotspot/src/share/vm/prims/jni.cpp, line 709]
Event: 93.299 Thread 0x00007f9d3432e000 Exception <a 'java/net/ConnectException'> (0x0000000795b28b10) thrown at [/Users/java_re/workspace/8-2-build-macosx-x86_64/jdk8u92/6642/hotspot/src/share/vm/prims/jni.cpp, line 709]
Event: 98.305 Thread 0x00007f9d3432e000 Exception <a 'java/net/ConnectException'> (0x0000000795b29be0) thrown at [/Users/java_re/workspace/8-2-build-macosx-x86_64/jdk8u92/6642/hotspot/src/share/vm/prims/jni.cpp, line 709]
Event: 103.308 Thread 0x00007f9d3432e000 Exception <a 'java/net/ConnectException'> (0x0000000795b2ad30) thrown at [/Users/java_re/workspace/8-2-build-macosx-x86_64/jdk8u92/6642/hotspot/src/share/vm/prims/jni.cpp, line 709]
Event: 108.312 Thread 0x00007f9d3432e000 Exception <a 'java/net/ConnectException'> (0x0000000795b2be80) thrown at [/Users/java_re/workspace/8-2-build-macosx-x86_64/jdk8u92/6642/hotspot/src/share/vm/prims/jni.cpp, line 709]
Event: 113.317 Thread 0x00007f9d3432e000 Exception <a 'java/net/ConnectException'> (0x0000000795b2cfd0) thrown at [/Users/java_re/workspace/8-2-build-macosx-x86_64/jdk8u92/6642/hotspot/src/share/vm/prims/jni.cpp, line 709]
Event: 118.323 Thread 0x00007f9d3432e000 Exception <a 'java/net/ConnectException'> (0x0000000795b2e120) thrown at [/Users/java_re/workspace/8-2-build-macosx-x86_64/jdk8u92/6642/hotspot/src/share/vm/prims/jni.cpp, line 709]

Events (10 events):
Event: 118.375 Executing VM operation: GetCurrentLocation
Event: 118.375 Executing VM operation: GetCurrentLocation done
Event: 118.375 Executing VM operation: EnterInterpOnlyMode
Event: 118.376 Executing VM operation: EnterInterpOnlyMode done
Event: 118.376 Executing VM operation: ChangeSingleStep
Event: 118.376 Executing VM operation: ChangeSingleStep done
Event: 118.376 Executing VM operation: ChangeSingleStep
Event: 118.376 Executing VM operation: ChangeSingleStep done
Event: 118.386 Executing VM operation: RedefineClasses
Event: 118.402 Executing VM operation: RedefineClasses done


Dynamic libraries:
0x0000000002716000 	/System/Library/Frameworks/Cocoa.framework/Versions/A/Cocoa
0x0000000002716000 	/System/Library/Frameworks/Security.framework/Versions/A/Security
0x0000000002716000 	/System/Library/Frameworks/ApplicationServices.framework/Versions/A/ApplicationServices
0x0000000002716000 	/usr/lib/libz.1.dylib
0x0000000002716000 	/usr/lib/libSystem.B.dylib
0x0000000002716000 	/usr/lib/libobjc.A.dylib
0x0000000002716000 	/System/Library/Frameworks/CoreFoundation.framework/Versions/A/CoreFoundation
0x0000000002716000 	/System/Library/Frameworks/Foundation.framework/Versions/C/Foundation
0x0000000002716000 	/System/Library/Frameworks/AppKit.framework/Versions/C/AppKit
0x0000000002716000 	/System/Library/Frameworks/CoreData.framework/Versions/A/CoreData
0x0000000002716000 	/System/Library/PrivateFrameworks/RemoteViewServices.framework/Versions/A/RemoteViewServices
0x0000000002716000 	/System/Library/PrivateFrameworks/UIFoundation.framework/Versions/A/UIFoundation
0x0000000002716000 	/usr/lib/libScreenReader.dylib
0x0000000002716000 	/System/Library/Frameworks/Accelerate.framework/Versions/A/Accelerate
0x0000000002716000 	/System/Library/Frameworks/IOSurface.framework/Versions/A/IOSurface
0x0000000002716000 	/System/Library/Frameworks/AudioToolbox.framework/Versions/A/AudioToolbox
0x0000000002716000 	/System/Library/Frameworks/AudioUnit.framework/Versions/A/AudioUnit
0x0000000002716000 	/System/Library/PrivateFrameworks/DataDetectorsCore.framework/Versions/A/DataDetectorsCore
0x0000000002716000 	/System/Library/PrivateFrameworks/DesktopServicesPriv.framework/Versions/A/DesktopServicesPriv
0x0000000002716000 	/System/Library/Frameworks/Carbon.framework/Versions/A/Frameworks/HIToolbox.framework/Versions/A/HIToolbox
0x0000000002716000 	/System/Library/Frameworks/QuartzCore.framework/Versions/A/QuartzCore
0x0000000002716000 	/System/Library/Frameworks/Carbon.framework/Versions/A/Frameworks/SpeechRecognition.framework/Versions/A/SpeechRecognition
0x0000000002716000 	/usr/lib/libauto.dylib
0x0000000002716000 	/usr/lib/libicucore.A.dylib
0x0000000002716000 	/usr/lib/libxml2.2.dylib
0x0000000002716000 	/System/Library/PrivateFrameworks/CoreUI.framework/Versions/A/CoreUI
0x0000000002716000 	/System/Library/Frameworks/CoreAudio.framework/Versions/A/CoreAudio
0x0000000002716000 	/System/Library/Frameworks/DiskArbitration.framework/Versions/A/DiskArbitration
0x0000000002716000 	/usr/lib/liblangid.dylib
0x0000000002716000 	/System/Library/PrivateFrameworks/MultitouchSupport.framework/Versions/A/MultitouchSupport
0x0000000002716000 	/System/Library/Frameworks/IOKit.framework/Versions/A/IOKit
0x0000000002716000 	/usr/lib/libDiagnosticMessagesClient.dylib
0x0000000002716000 	/System/Library/Frameworks/CoreServices.framework/Versions/A/CoreServices
0x0000000002716000 	/System/Library/PrivateFrameworks/PerformanceAnalysis.framework/Versions/A/PerformanceAnalysis
0x0000000002716000 	/System/Library/PrivateFrameworks/GenerationalStorage.framework/Versions/A/GenerationalStorage
0x0000000002716000 	/System/Library/Frameworks/OpenGL.framework/Versions/A/OpenGL
0x0000000002716000 	/System/Library/PrivateFrameworks/Sharing.framework/Versions/A/Sharing
0x0000000002716000 	/System/Library/Frameworks/CoreGraphics.framework/Versions/A/CoreGraphics
0x0000000002716000 	/System/Library/Frameworks/CoreImage.framework/Versions/A/CoreImage
0x0000000002716000 	/System/Library/Frameworks/CoreText.framework/Versions/A/CoreText
0x0000000002716000 	/System/Library/Frameworks/ImageIO.framework/Versions/A/ImageIO
0x0000000002716000 	/System/Library/PrivateFrameworks/Backup.framework/Versions/A/Backup
0x0000000002716000 	/usr/lib/libextension.dylib
0x0000000002716000 	/usr/lib/libarchive.2.dylib
0x0000000002716000 	/System/Library/Frameworks/CFNetwork.framework/Versions/A/CFNetwork
0x0000000002716000 	/System/Library/Frameworks/SystemConfiguration.framework/Versions/A/SystemConfiguration
0x0000000002716000 	/usr/lib/libCRFSuite.dylib
0x0000000002716000 	/usr/lib/libc++.1.dylib
0x0000000002716000 	/usr/lib/libc++abi.dylib
0x0000000002716000 	/usr/lib/system/libcache.dylib
0x0000000002716000 	/usr/lib/system/libcommonCrypto.dylib
0x0000000002716000 	/usr/lib/system/libcompiler_rt.dylib
0x0000000002716000 	/usr/lib/system/libcopyfile.dylib
0x0000000002716000 	/usr/lib/system/libcorecrypto.dylib
0x0000000002716000 	/usr/lib/system/libdispatch.dylib
0x0000000002716000 	/usr/lib/system/libdyld.dylib
0x0000000002716000 	/usr/lib/system/libkeymgr.dylib
0x0000000002716000 	/usr/lib/system/liblaunch.dylib
0x0000000002716000 	/usr/lib/system/libmacho.dylib
0x0000000002716000 	/usr/lib/system/libquarantine.dylib
0x0000000002716000 	/usr/lib/system/libremovefile.dylib
0x0000000002716000 	/usr/lib/system/libsystem_asl.dylib
0x0000000002716000 	/usr/lib/system/libsystem_blocks.dylib
0x0000000002716000 	/usr/lib/system/libsystem_c.dylib
0x0000000002716000 	/usr/lib/system/libsystem_configuration.dylib
0x0000000002716000 	/usr/lib/system/libsystem_coreservices.dylib
0x0000000002716000 	/usr/lib/system/libsystem_coretls.dylib
0x0000000002716000 	/usr/lib/system/libsystem_dnssd.dylib
0x0000000002716000 	/usr/lib/system/libsystem_info.dylib
0x0000000002716000 	/usr/lib/system/libsystem_kernel.dylib
0x0000000002716000 	/usr/lib/system/libsystem_m.dylib
0x0000000002716000 	/usr/lib/system/libsystem_malloc.dylib
0x0000000002716000 	/usr/lib/system/libsystem_network.dylib
0x0000000002716000 	/usr/lib/system/libsystem_networkextension.dylib
0x0000000002716000 	/usr/lib/system/libsystem_notify.dylib
0x0000000002716000 	/usr/lib/system/libsystem_platform.dylib
0x0000000002716000 	/usr/lib/system/libsystem_pthread.dylib
0x0000000002716000 	/usr/lib/system/libsystem_sandbox.dylib
0x0000000002716000 	/usr/lib/system/libsystem_secinit.dylib
0x0000000002716000 	/usr/lib/system/libsystem_trace.dylib
0x0000000002716000 	/usr/lib/system/libunc.dylib
0x0000000002716000 	/usr/lib/system/libunwind.dylib
0x0000000002716000 	/usr/lib/system/libxpc.dylib
0x0000000002716000 	/usr/lib/libenergytrace.dylib
0x0000000002716000 	/usr/lib/libbsm.0.dylib
0x0000000002716000 	/usr/lib/system/libkxld.dylib
0x0000000002716000 	/usr/lib/libxar.1.dylib
0x0000000002716000 	/usr/lib/libsqlite3.dylib
0x0000000002716000 	/usr/lib/libpam.2.dylib
0x0000000002716000 	/usr/lib/libOpenScriptingUtil.dylib
0x0000000002716000 	/usr/lib/libbz2.1.0.dylib
0x0000000002716000 	/usr/lib/liblzma.5.dylib
0x0000000002716000 	/System/Library/Frameworks/CoreServices.framework/Versions/A/Frameworks/FSEvents.framework/Versions/A/FSEvents
0x0000000002716000 	/System/Library/Frameworks/CoreServices.framework/Versions/A/Frameworks/CarbonCore.framework/Versions/A/CarbonCore
0x0000000002716000 	/System/Library/Frameworks/CoreServices.framework/Versions/A/Frameworks/Metadata.framework/Versions/A/Metadata
0x0000000002716000 	/System/Library/Frameworks/CoreServices.framework/Versions/A/Frameworks/OSServices.framework/Versions/A/OSServices
0x0000000002716000 	/System/Library/Frameworks/CoreServices.framework/Versions/A/Frameworks/SearchKit.framework/Versions/A/SearchKit
0x0000000002716000 	/System/Library/Frameworks/CoreServices.framework/Versions/A/Frameworks/AE.framework/Versions/A/AE
0x0000000002716000 	/System/Library/Frameworks/CoreServices.framework/Versions/A/Frameworks/LaunchServices.framework/Versions/A/LaunchServices
0x0000000002716000 	/System/Library/Frameworks/CoreServices.framework/Versions/A/Frameworks/DictionaryServices.framework/Versions/A/DictionaryServices
0x0000000002716000 	/System/Library/Frameworks/CoreServices.framework/Versions/A/Frameworks/SharedFileList.framework/Versions/A/SharedFileList
0x0000000002716000 	/System/Library/Frameworks/NetFS.framework/Versions/A/NetFS
0x0000000002716000 	/System/Library/PrivateFrameworks/NetAuth.framework/Versions/A/NetAuth
0x0000000002716000 	/System/Library/PrivateFrameworks/login.framework/Versions/A/Frameworks/loginsupport.framework/Versions/A/loginsupport
0x0000000002716000 	/System/Library/PrivateFrameworks/TCC.framework/Versions/A/TCC
0x0000000002716000 	/usr/lib/libmecabra.dylib
0x0000000002716000 	/System/Library/Frameworks/ApplicationServices.framework/Versions/A/Frameworks/ATS.framework/Versions/A/ATS
0x0000000002716000 	/System/Library/Frameworks/ApplicationServices.framework/Versions/A/Frameworks/ColorSync.framework/Versions/A/ColorSync
0x0000000002716000 	/System/Library/Frameworks/ApplicationServices.framework/Versions/A/Frameworks/HIServices.framework/Versions/A/HIServices
0x0000000002716000 	/System/Library/Frameworks/ApplicationServices.framework/Versions/A/Frameworks/LangAnalysis.framework/Versions/A/LangAnalysis
0x0000000002716000 	/System/Library/Frameworks/ApplicationServices.framework/Versions/A/Frameworks/PrintCore.framework/Versions/A/PrintCore
0x0000000002716000 	/System/Library/Frameworks/ApplicationServices.framework/Versions/A/Frameworks/QD.framework/Versions/A/QD
0x0000000002716000 	/System/Library/Frameworks/ApplicationServices.framework/Versions/A/Frameworks/SpeechSynthesis.framework/Versions/A/SpeechSynthesis
0x0000000002716000 	/System/Library/Frameworks/Metal.framework/Versions/A/Metal
0x0000000002716000 	/System/Library/Frameworks/Accelerate.framework/Versions/A/Frameworks/vImage.framework/Versions/A/vImage
0x0000000002716000 	/System/Library/Frameworks/Accelerate.framework/Versions/A/Frameworks/vecLib.framework/Versions/A/vecLib
0x0000000002716000 	/System/Library/Frameworks/Accelerate.framework/Versions/A/Frameworks/vecLib.framework/Versions/A/libvDSP.dylib
0x0000000002716000 	/System/Library/Frameworks/Accelerate.framework/Versions/A/Frameworks/vecLib.framework/Versions/A/libvMisc.dylib
0x0000000002716000 	/System/Library/Frameworks/Accelerate.framework/Versions/A/Frameworks/vecLib.framework/Versions/A/libLAPACK.dylib
0x0000000002716000 	/System/Library/Frameworks/Accelerate.framework/Versions/A/Frameworks/vecLib.framework/Versions/A/libBLAS.dylib
0x0000000002716000 	/System/Library/Frameworks/Accelerate.framework/Versions/A/Frameworks/vecLib.framework/Versions/A/libLinearAlgebra.dylib
0x0000000002716000 	/System/Library/Frameworks/Accelerate.framework/Versions/A/Frameworks/vecLib.framework/Versions/A/libSparseBLAS.dylib
0x0000000002716000 	/System/Library/PrivateFrameworks/GPUCompiler.framework/libmetal_timestamp.dylib
0x0000000002716000 	/System/Library/Frameworks/OpenGL.framework/Versions/A/Libraries/libCoreFSCache.dylib
0x0000000002716000 	/System/Library/PrivateFrameworks/IOAccelerator.framework/Versions/A/IOAccelerator
0x0000000002716000 	/System/Library/Frameworks/ApplicationServices.framework/Versions/A/Frameworks/ATS.framework/Versions/A/Resources/libFontParser.dylib
0x0000000002716000 	/System/Library/Frameworks/ApplicationServices.framework/Versions/A/Frameworks/ATS.framework/Versions/A/Resources/libFontRegistry.dylib
0x0000000002716000 	/System/Library/PrivateFrameworks/AppleVPA.framework/Versions/A/AppleVPA
0x0000000002716000 	/System/Library/PrivateFrameworks/AppleJPEG.framework/Versions/A/AppleJPEG
0x0000000002716000 	/System/Library/Frameworks/ImageIO.framework/Versions/A/Resources/libJPEG.dylib
0x0000000002716000 	/System/Library/Frameworks/ImageIO.framework/Versions/A/Resources/libTIFF.dylib
0x0000000002716000 	/System/Library/Frameworks/ImageIO.framework/Versions/A/Resources/libPng.dylib
0x0000000002716000 	/System/Library/Frameworks/ImageIO.framework/Versions/A/Resources/libGIF.dylib
0x0000000002716000 	/System/Library/Frameworks/ImageIO.framework/Versions/A/Resources/libJP2.dylib
0x0000000002716000 	/System/Library/Frameworks/ImageIO.framework/Versions/A/Resources/libRadiance.dylib
0x0000000002716000 	/System/Library/Frameworks/CoreVideo.framework/Versions/A/CoreVideo
0x0000000002716000 	/System/Library/Frameworks/OpenGL.framework/Versions/A/Libraries/libGLU.dylib
0x0000000002716000 	/System/Library/Frameworks/OpenGL.framework/Versions/A/Libraries/libGFXShared.dylib
0x0000000002716000 	/System/Library/Frameworks/OpenGL.framework/Versions/A/Libraries/libGL.dylib
0x0000000002716000 	/System/Library/Frameworks/OpenGL.framework/Versions/A/Libraries/libGLImage.dylib
0x0000000002716000 	/System/Library/Frameworks/OpenGL.framework/Versions/A/Libraries/libCVMSPluginSupport.dylib
0x0000000002716000 	/System/Library/Frameworks/OpenGL.framework/Versions/A/Libraries/libCoreVMClient.dylib
0x0000000002716000 	/usr/lib/libcompression.dylib
0x0000000002716000 	/usr/lib/libcups.2.dylib
0x0000000002716000 	/System/Library/Frameworks/Kerberos.framework/Versions/A/Kerberos
0x0000000002716000 	/System/Library/Frameworks/GSS.framework/Versions/A/GSS
0x0000000002716000 	/usr/lib/libresolv.9.dylib
0x0000000002716000 	/usr/lib/libiconv.2.dylib
0x0000000002716000 	/System/Library/PrivateFrameworks/Heimdal.framework/Versions/A/Heimdal
0x0000000002716000 	/usr/lib/libheimdal-asn1.dylib
0x0000000002716000 	/System/Library/Frameworks/OpenDirectory.framework/Versions/A/OpenDirectory
0x0000000002716000 	/System/Library/PrivateFrameworks/CommonAuth.framework/Versions/A/CommonAuth
0x0000000002716000 	/System/Library/Frameworks/OpenDirectory.framework/Versions/A/Frameworks/CFOpenDirectory.framework/Versions/A/CFOpenDirectory
0x0000000002716000 	/System/Library/Frameworks/SecurityFoundation.framework/Versions/A/SecurityFoundation
0x0000000002716000 	/System/Library/PrivateFrameworks/LanguageModeling.framework/Versions/A/LanguageModeling
0x0000000002716000 	/usr/lib/libmarisa.dylib
0x0000000002716000 	/usr/lib/libChineseTokenizer.dylib
0x0000000002716000 	/usr/lib/libcmph.dylib
0x0000000002716000 	/System/Library/Frameworks/ServiceManagement.framework/Versions/A/ServiceManagement
0x0000000002716000 	/usr/lib/libxslt.1.dylib
0x0000000002716000 	/System/Library/Frameworks/Carbon.framework/Versions/A/Frameworks/Ink.framework/Versions/A/Ink
0x0000000002716000 	/usr/lib/libFosl_dynamic.dylib
0x0000000002716000 	/System/Library/PrivateFrameworks/FaceCore.framework/Versions/A/FaceCore
0x0000000002716000 	/System/Library/Frameworks/OpenCL.framework/Versions/A/OpenCL
0x0000000002716000 	/System/Library/PrivateFrameworks/CrashReporterSupport.framework/Versions/A/CrashReporterSupport
0x0000000002716000 	/System/Library/PrivateFrameworks/IconServices.framework/Versions/A/IconServices
0x0000000002716000 	/System/Library/PrivateFrameworks/Apple80211.framework/Versions/A/Apple80211
0x0000000002716000 	/System/Library/Frameworks/CoreWLAN.framework/Versions/A/CoreWLAN
0x0000000002716000 	/System/Library/Frameworks/IOBluetooth.framework/Versions/A/IOBluetooth
0x0000000002716000 	/System/Library/PrivateFrameworks/CoreWiFi.framework/Versions/A/CoreWiFi
0x0000000002716000 	/System/Library/Frameworks/CoreBluetooth.framework/Versions/A/CoreBluetooth
0x0000000002716000 	/System/Library/PrivateFrameworks/ChunkingLibrary.framework/Versions/A/ChunkingLibrary
0x0000000002716000 	/System/Library/PrivateFrameworks/DebugSymbols.framework/Versions/A/DebugSymbols
0x0000000002716000 	/System/Library/PrivateFrameworks/CoreSymbolication.framework/Versions/A/CoreSymbolication
0x0000000002716000 	/System/Library/PrivateFrameworks/Symbolication.framework/Versions/A/Symbolication
0x0000000002716000 	/System/Library/PrivateFrameworks/SpeechRecognitionCore.framework/Versions/A/SpeechRecognitionCore
0x0000000109531000 	/Library/Java/JavaVirtualMachines/jdk1.8.0_92.jdk/Contents/Home/jre/lib/server/libjvm.dylib
0x0000000002716000 	/usr/lib/libstdc++.6.dylib
0x000000010a4cc000 	/Library/Java/JavaVirtualMachines/jdk1.8.0_92.jdk/Contents/Home/jre/lib/libverify.dylib
0x000000010a4da000 	/Library/Java/JavaVirtualMachines/jdk1.8.0_92.jdk/Contents/Home/jre/lib/libjava.dylib
0x000000010a510000 	/Library/Java/JavaVirtualMachines/jdk1.8.0_92.jdk/Contents/Home/jre/lib/libjdwp.dylib
0x000000010a55b000 	/Library/Java/JavaVirtualMachines/jdk1.8.0_92.jdk/Contents/Home/jre/lib/libnpt.dylib
0x000000010a568000 	/Library/Java/JavaVirtualMachines/jdk1.8.0_92.jdk/Contents/Home/jre/lib/libzip.dylib
0x000000010a5e2000 	/System/Library/Frameworks/JavaVM.framework/Frameworks/JavaRuntimeSupport.framework/JavaRuntimeSupport
0x00000001206f2000 	/System/Library/Frameworks/JavaVM.framework/Versions/A/Frameworks/JavaNativeFoundation.framework/Versions/A/JavaNativeFoundation
0x0000000120707000 	/System/Library/Frameworks/JavaVM.framework/Versions/A/JavaVM
0x0000000002716000 	/System/Library/Frameworks/Carbon.framework/Versions/A/Carbon
0x0000000120714000 	/System/Library/PrivateFrameworks/JavaLaunching.framework/Versions/A/JavaLaunching
0x0000000002716000 	/System/Library/Frameworks/Carbon.framework/Versions/A/Frameworks/CommonPanels.framework/Versions/A/CommonPanels
0x0000000002716000 	/System/Library/Frameworks/Carbon.framework/Versions/A/Frameworks/Help.framework/Versions/A/Help
0x0000000002716000 	/System/Library/Frameworks/Carbon.framework/Versions/A/Frameworks/ImageCapture.framework/Versions/A/ImageCapture
0x0000000002716000 	/System/Library/Frameworks/Carbon.framework/Versions/A/Frameworks/OpenScripting.framework/Versions/A/OpenScripting
0x0000000002716000 	/System/Library/Frameworks/Carbon.framework/Versions/A/Frameworks/Print.framework/Versions/A/Print
0x0000000002716000 	/System/Library/Frameworks/Carbon.framework/Versions/A/Frameworks/SecurityHI.framework/Versions/A/SecurityHI
0x0000000122034000 	/Library/Java/JavaVirtualMachines/jdk1.8.0_92.jdk/Contents/Home/jre/lib/libdt_socket.dylib
0x00000001226a6000 	/Library/Java/JavaVirtualMachines/jdk1.8.0_92.jdk/Contents/Home/jre/lib/libnet.dylib
0x0000000122820000 	/Library/Java/JavaVirtualMachines/jdk1.8.0_92.jdk/Contents/Home/jre/lib/libmanagement.dylib
0x00000001228fe000 	/Library/Java/JavaVirtualMachines/jdk1.8.0_92.jdk/Contents/Home/jre/lib/libnio.dylib
0x000000012273e000 	/Library/Java/JavaVirtualMachines/jdk1.8.0_92.jdk/Contents/Home/jre/lib/libawt.dylib
0x00000001229fc000 	/Library/Java/JavaVirtualMachines/jdk1.8.0_92.jdk/Contents/Home/jre/lib/./libmlib_image.dylib
0x0000000122ac8000 	/Library/Java/JavaVirtualMachines/jdk1.8.0_92.jdk/Contents/Home/jre/lib/libawt_lwawt.dylib
0x0000000122b7d000 	/Library/Java/JavaVirtualMachines/jdk1.8.0_92.jdk/Contents/Home/jre/lib/./libosxapp.dylib
0x0000000002716000 	/System/Library/Frameworks/ExceptionHandling.framework/Versions/A/ExceptionHandling
0x0000000002716000 	/System/Library/PrivateFrameworks/CoreServicesInternal.framework/Versions/A/CoreServicesInternal
0x0000000002716000 	/System/Library/Frameworks/CoreGraphics.framework/Versions/A/Resources/libRIP.A.dylib
0x0000000002716000 	/System/Library/Frameworks/Accelerate.framework/Versions/A/Frameworks/vImage.framework/Versions/A/Libraries/libCGInterfaces.dylib
0x0000000002716000 	/System/Library/Frameworks/CoreGraphics.framework/Versions/A/Resources/libCGXType.A.dylib
0x0000000002716000 	/System/Library/Frameworks/OpenCL.framework/Versions/A/Libraries/libcldcpuengine.dylib
0x0000000002716000 	/System/Library/PrivateFrameworks/DiskImages.framework/Versions/A/DiskImages
0x0000000002716000 	/System/Library/Frameworks/DiscRecording.framework/Versions/A/DiscRecording
0x0000000002716000 	/usr/lib/libcsfde.dylib
0x0000000002716000 	/usr/lib/libcurl.4.dylib
0x0000000002716000 	/System/Library/PrivateFrameworks/MediaKit.framework/Versions/A/MediaKit
0x0000000002716000 	/System/Library/PrivateFrameworks/ProtectedCloudStorage.framework/Versions/A/ProtectedCloudStorage
0x0000000002716000 	/usr/lib/libCoreStorage.dylib
0x0000000002716000 	/System/Library/PrivateFrameworks/EFILogin.framework/Versions/A/EFILogin
0x0000000002716000 	/usr/lib/libutil.dylib
0x0000000002716000 	/System/Library/PrivateFrameworks/FindMyDevice.framework/Versions/A/FindMyDevice
0x0000000002716000 	/System/Library/Frameworks/LDAP.framework/Versions/A/LDAP
0x0000000002716000 	/usr/lib/libsasl2.2.dylib
0x0000000002716000 	/System/Library/PrivateFrameworks/CoreDaemon.framework/Versions/B/CoreDaemon
0x0000000002716000 	/usr/lib/libcrypto.0.9.8.dylib
0x0000000002716000 	/System/Library/PrivateFrameworks/AppleSRP.framework/Versions/A/AppleSRP
0x0000000002716000 	/System/Library/PrivateFrameworks/TrustEvaluationAgent.framework/Versions/A/TrustEvaluationAgent
0x0000000123395000 	cl_kernels
0x0000000002716000 	/System/Library/Frameworks/OpenCL.framework/Versions/A/Libraries/ImageFormats/unorm8_bgra.dylib
0x0000000002716000 	/System/Library/Frameworks/OpenCL.framework/Versions/A/Libraries/ImageFormats/unorm8_rgba.dylib
0x0000000002716000 	/System/Library/PrivateFrameworks/FamilyControls.framework/Versions/A/FamilyControls
0x0000000002716000 	/System/Library/PrivateFrameworks/CommerceKit.framework/Versions/A/Frameworks/CommerceCore.framework/Versions/A/CommerceCore
0x0000000002716000 	/System/Library/PrivateFrameworks/SystemAdministration.framework/Versions/A/SystemAdministration
0x0000000002716000 	/System/Library/PrivateFrameworks/AppContainer.framework/Versions/A/AppContainer
0x0000000002716000 	/System/Library/PrivateFrameworks/SecCodeWrapper.framework/Versions/A/SecCodeWrapper
0x0000000002716000 	/System/Library/Frameworks/DirectoryService.framework/Versions/A/DirectoryService
0x0000000002716000 	/System/Library/PrivateFrameworks/LoginUIKit.framework/Versions/A/Frameworks/LoginUICore.framework/Versions/A/LoginUICore
0x0000000002716000 	/usr/lib/libodfde.dylib

VM Arguments:
jvm_args: -agentlib:jdwp=transport=dt_socket,suspend=y,address=localhost:52264 -Dfile.encoding=UTF-8 
java_command: org.eclipse.jdt.internal.junit.runner.RemoteTestRunner -version 3 -port 52263 -testLoaderClass org.eclipse.jdt.internal.junit4.runner.JUnit4TestLoader -loaderpluginname org.eclipse.jdt.junit4.runtime -classNames com.system.core.test.crawling.CrawlDataFromWebsite
java_class_path (initial): /Users/rohithkp/Documents/studies/recommender_systems/system-core/target/test-classes:/Users/rohithkp/Documents/studies/recommender_systems/system-core/target/classes:/Users/rohithkp/.m2/repository/org/springframework/spring-web/4.2.4.RELEASE/spring-web-4.2.4.RELEASE.jar:/Users/rohithkp/.m2/repository/org/springframework/spring-test/4.2.4.RELEASE/spring-test-4.2.4.RELEASE.jar:/Users/rohithkp/.m2/repository/org/springframework/spring-core/4.2.4.RELEASE/spring-core-4.2.4.RELEASE.jar:/Users/rohithkp/.m2/repository/junit/junit/4.12/junit-4.12.jar:/Users/rohithkp/.m2/repository/org/hamcrest/hamcrest-core/1.3/hamcrest-core-1.3.jar:/Users/rohithkp/.m2/repository/org/springframework/spring-webmvc/4.2.4.RELEASE/spring-webmvc-4.2.4.RELEASE.jar:/Users/rohithkp/.m2/repository/org/springframework/spring-beans/4.2.4.RELEASE/spring-beans-4.2.4.RELEASE.jar:/Users/rohithkp/.m2/repository/org/springframework/spring-context/4.2.4.RELEASE/spring-context-4.2.4.RELEASE.jar:/Users/rohithkp/.m2/repository/org/springframework/spring-aop/4.2.4.RELEASE/spring-aop-4.2.4.RELEASE.jar:/Users/rohithkp/.m2/repository/aopalliance/aopalliance/1.0/aopalliance-1.0.jar:/Users/rohithkp/.m2/repository/org/springframework/spring-expression/4.2.4.RELEASE/spring-expression-4.2.4.RELEASE.jar:/Users/rohithkp/Documents/studies/recommender_systems/txn-manager/target/classes:/Users/rohithkp/.m2/repository/org/hibernate/hibernate-entitymanager/4.3.10.Final/hibernate-entitymanager-4.3.10.Final.jar:/Users/rohithkp/.m2/repository/org/jboss/logging/jboss-logging/3.1.3.GA/jboss-logging-3.1.3.GA.jar:/Users/rohithkp/.m2/repository/org/jboss/logging/jboss-logging-annotations/1.2.0.Beta1/jboss-logging-annotations-1.2.0.Beta1.jar:/Users/rohithkp/.m2/repository/org/hibernate/hibernate-core/4.3.10.Final/hibernate-core-4.3.10.Final.jar:/Users/rohithkp/.m2/repository/antlr/antlr/2.7.7/antlr-2.7.7.jar:/Users/rohithkp/.m2/repository/org/jboss/jandex/1.1.0.Final/jandex-1.1.0.Final.jar:/Users/rohithkp/.
Launcher Type: SUN_STANDARD

Environment Variables:
PATH=/usr/bin:/bin:/usr/sbin:/sbin
SHELL=/bin/bash

Signal Handlers:
SIGSEGV: [libjvm.dylib+0x5aa779], sa_mask[0]=11111111011111110111111111111111, sa_flags=SA_ONSTACK|SA_RESTART|SA_SIGINFO
SIGBUS: [libjvm.dylib+0x5aa779], sa_mask[0]=11111111011111110111111111111111, sa_flags=SA_RESTART|SA_SIGINFO
SIGFPE: [libjvm.dylib+0x4831d0], sa_mask[0]=11111111011111110111111111111111, sa_flags=SA_RESTART|SA_SIGINFO
SIGPIPE: [libjvm.dylib+0x4831d0], sa_mask[0]=11111111011111110111111111111111, sa_flags=SA_RESTART|SA_SIGINFO
SIGXFSZ: [libjvm.dylib+0x4831d0], sa_mask[0]=11111111011111110111111111111111, sa_flags=SA_RESTART|SA_SIGINFO
SIGILL: [libjvm.dylib+0x4831d0], sa_mask[0]=11111111011111110111111111111111, sa_flags=SA_RESTART|SA_SIGINFO
SIGUSR1: SIG_DFL, sa_mask[0]=00000000000000000000000000000000, sa_flags=none
SIGUSR2: [libjvm.dylib+0x482cee], sa_mask[0]=00100000000000000000000000000000, sa_flags=SA_RESTART|SA_SIGINFO
SIGHUP: [libjvm.dylib+0x4812c5], sa_mask[0]=11111111011111110111111111111111, sa_flags=SA_RESTART|SA_SIGINFO
SIGINT: [libjvm.dylib+0x4812c5], sa_mask[0]=11111111011111110111111111111111, sa_flags=SA_RESTART|SA_SIGINFO
SIGTERM: [libjvm.dylib+0x4812c5], sa_mask[0]=11111111011111110111111111111111, sa_flags=SA_RESTART|SA_SIGINFO
SIGQUIT: [libjvm.dylib+0x4812c5], sa_mask[0]=11111111011111110111111111111111, sa_flags=SA_RESTART|SA_SIGINFO


---------------  S Y S T E M  ---------------

OS:Bsduname:Darwin 15.5.0 Darwin Kernel Version 15.5.0: Tue Apr 19 18:36:36 PDT 2016; root:xnu-3248.50.21~8/RELEASE_X86_64 x86_64
rlimit: STACK 8192k, CORE 0k, NPROC 709, NOFILE 10240, AS infinity
load average:1.66 1.66 1.58

CPU:total 4 (2 cores per cpu, 2 threads per core) family 6 model 61 stepping 4, cmov, cx8, fxsr, mmx, sse, sse2, sse3, ssse3, sse4.1, sse4.2, popcnt, avx, avx2, aes, clmul, erms, 3dnowpref, lzcnt, ht, tsc, tscinvbit, bmi1, bmi2, adx

Memory: 4k page, physical 8388608k(60004k free)

/proc/meminfo:


vm_info: Java HotSpot(TM) 64-Bit Server VM (25.92-b14) for bsd-amd64 JRE (1.8.0_92-b14), built on Mar 31 2016 21:23:14 by "java_re" with gcc 4.2.1 (Based on Apple Inc. build 5658) (LLVM build 2336.11.00)

time: Fri Jun 10 16:22:02 2016
elapsed time: 118 seconds (0d 0h 1m 58s)

